#
# There is insufficient memory for the Java Runtime Environment to continue.
# Native memory allocation (malloc) failed to allocate 164096 bytes for Chunk::new
# Possible reasons:
#   The system is out of physical RAM or swap space
#   In 32 bit mode, the process size limit was hit
# Possible solutions:
#   Reduce memory load on the system
#   Increase physical memory or swap space
#   Check if swap backing store is full
#   Use 64 bit Java on a 64 bit OS
#   Decrease Java heap size (-Xmx/-Xms)
#   Decrease number of Java threads
#   Decrease Java thread stack sizes (-Xss)
#   Set larger code cache with -XX:ReservedCodeCacheSize=
# This output file may be truncated or incomplete.
#
#  Out of Memory Error (allocation.cpp:390), pid=10928, tid=0x00000000000046dc
#
# JRE version: Java(TM) SE Runtime Environment (8.0_171-b11) (build 1.8.0_171-b11)
# Java VM: Java HotSpot(TM) 64-Bit Server VM (25.171-b11 mixed mode windows-amd64 compressed oops)
# Failed to write core dump. Minidumps are not enabled by default on client versions of Windows
#

---------------  T H R E A D  ---------------

Current thread (0x0000000014fb7000):  JavaThread "C2 CompilerThread0" daemon [_thread_in_native, id=18140, stack(0x00000000168f0000,0x00000000169f0000)]

Stack: [0x00000000168f0000,0x00000000169f0000]
[error occurred during error reporting (printing stack bounds), id 0xc0000005]

Native frames: (J=compiled Java code, j=interpreted, Vv=VM code, C=native code)


Current CompileTask:
C2:   3281  703       4       java.awt.image.SinglePixelPackedSampleModel::getDataElements (205 bytes)


---------------  P R O C E S S  ---------------

Java Threads: ( => current thread )
  0x00000000027fd800 JavaThread "DestroyJavaVM" [_thread_blocked, id=14356, stack(0x0000000002800000,0x0000000002900000)]
  0x00000000166e9800 JavaThread "Thread-0" [_thread_blocked, id=17464, stack(0x000000001ac60000,0x000000001ad60000)]
  0x0000000018d1f000 JavaThread "TimerQueue" daemon [_thread_blocked, id=7868, stack(0x000000001ab10000,0x000000001ac10000)]
  0x0000000018d1e000 JavaThread "D3D Screen Updater" daemon [_thread_blocked, id=16408, stack(0x0000000019be0000,0x0000000019ce0000)]
  0x0000000018c53800 JavaThread "AWT-EventQueue-0" [_thread_in_native, id=5928, stack(0x00000000192d0000,0x00000000193d0000)]
  0x000000001667e800 JavaThread "Image Fetcher 0" daemon [_thread_blocked, id=17780, stack(0x00000000176b0000,0x00000000177b0000)]
  0x000000001666a000 JavaThread "AWT-Windows" daemon [_thread_in_Java, id=13968, stack(0x00000000171b0000,0x00000000172b0000)]
  0x0000000016620800 JavaThread "AWT-Shutdown" [_thread_blocked, id=17520, stack(0x00000000170b0000,0x00000000171b0000)]
  0x000000001661e000 JavaThread "Java2D Disposer" daemon [_thread_blocked, id=12204, stack(0x0000000016fb0000,0x00000000170b0000)]
  0x0000000016375800 JavaThread "Service Thread" daemon [_thread_blocked, id=18152, stack(0x0000000016bf0000,0x0000000016cf0000)]
  0x0000000014ffd800 JavaThread "C1 CompilerThread2" daemon [_thread_blocked, id=18148, stack(0x0000000016af0000,0x0000000016bf0000)]
  0x0000000014ffd000 JavaThread "C2 CompilerThread1" daemon [_thread_blocked, id=18144, stack(0x00000000169f0000,0x0000000016af0000)]
=>0x0000000014fb7000 JavaThread "C2 CompilerThread0" daemon [_thread_in_native, id=18140, stack(0x00000000168f0000,0x00000000169f0000)]
  0x0000000016333000 JavaThread "Attach Listener" daemon [_thread_blocked, id=17628, stack(0x00000000167f0000,0x00000000168f0000)]
  0x0000000016332800 JavaThread "Signal Dispatcher" daemon [_thread_blocked, id=18104, stack(0x00000000166f0000,0x00000000167f0000)]
  0x00000000029fb000 JavaThread "Finalizer" daemon [_thread_blocked, id=17908, stack(0x00000000161f0000,0x00000000162f0000)]
  0x00000000029f0000 JavaThread "Reference Handler" daemon [_thread_blocked, id=17904, stack(0x00000000160f0000,0x00000000161f0000)]

Other Threads:
  0x0000000014f67000 VMThread [stack: 0x0000000015ff0000,0x00000000160f0000] [id=17900]
  0x0000000016377800 WatcherThread [stack: 0x0000000016cf0000,0x0000000016df0000] [id=15456]

VM state:not at safepoint (normal execution)

VM Mutex/Monitor currently owned by a thread: None

Heap:
 PSYoungGen      total 18432K, used 16597K [0x00000000eb580000, 0x00000000eca00000, 0x0000000100000000)
  eden space 15872K, 88% used [0x00000000eb580000,0x00000000ec33a098,0x00000000ec500000)
  from space 2560K, 99% used [0x00000000ec500000,0x00000000ec77b670,0x00000000ec780000)
  to   space 2560K, 0% used [0x00000000ec780000,0x00000000ec780000,0x00000000eca00000)
 ParOldGen       total 42496K, used 11570K [0x00000000c2000000, 0x00000000c4980000, 0x00000000eb580000)
  object space 42496K, 27% used [0x00000000c2000000,0x00000000c2b4c830,0x00000000c4980000)
 Metaspace       used 10823K, capacity 11012K, committed 11264K, reserved 1058816K
  class space    used 1435K, capacity 1490K, committed 1536K, reserved 1048576K

Card table byte_map: [0x0000000011dc0000,0x0000000011fc0000] byte_map_base: 0x00000000117b0000

Marking Bits: (ParMarkBitMap*) 0x000000005e5108c0
 Begin Bits: [0x0000000012510000, 0x0000000013490000)
 End Bits:   [0x0000000013490000, 0x0000000014410000)

Polling page: 0x0000000002200000

CodeCache: size=245760Kb used=2583Kb max_used=2593Kb free=243176Kb
 bounds [0x0000000002a00000, 0x0000000002c90000, 0x0000000011a00000]
 total_blobs=1198 nmethods=706 adapters=407
 compilation: enabled

Compilation events (10 events):
Event: 3.106 Thread 0x0000000014ffd000  698       4       sun.awt.AWTAutoShutdown::notifyToolkitThreadBusy (8 bytes)
Event: 3.106 Thread 0x0000000014fb7000  699       4       sun.awt.AWTAutoShutdown::notifyToolkitThreadFree (8 bytes)
Event: 3.107 Thread 0x0000000014ffd000 nmethod 698 0x0000000002c82310 code [0x0000000002c82460, 0x0000000002c824c8]
Event: 3.107 Thread 0x0000000014ffd000  700       4       sun.java2d.d3d.D3DRenderQueue::flushBuffer (46 bytes)
Event: 3.107 Thread 0x0000000014fb7000 nmethod 699 0x0000000002c83810 code [0x0000000002c83960, 0x0000000002c839c8]
Event: 3.109 Thread 0x0000000014fb7000  701       4       java.util.HashMap::clear (50 bytes)
Event: 3.110 Thread 0x0000000014ffd000 nmethod 700 0x0000000002c83250 code [0x0000000002c833c0, 0x0000000002c835c8]
Event: 3.111 Thread 0x0000000014fb7000 nmethod 701 0x0000000002c82f50 code [0x0000000002c83080, 0x0000000002c83198]
Event: 3.120 Thread 0x0000000014ffd000  702       4       java.awt.image.Raster::getDataElements (25 bytes)
Event: 3.120 Thread 0x0000000014fb7000  703       4       java.awt.image.SinglePixelPackedSampleModel::getDataElements (205 bytes)

GC Heap History (2 events):
Event: 1.798 GC heap before
{Heap before GC invocations=1 (full 0):
 PSYoungGen      total 18432K, used 15872K [0x00000000eb580000, 0x00000000eca00000, 0x0000000100000000)
  eden space 15872K, 100% used [0x00000000eb580000,0x00000000ec500000,0x00000000ec500000)
  from space 2560K, 0% used [0x00000000ec780000,0x00000000ec780000,0x00000000eca00000)
  to   space 2560K, 0% used [0x00000000ec500000,0x00000000ec500000,0x00000000ec780000)
 ParOldGen       total 42496K, used 0K [0x00000000c2000000, 0x00000000c4980000, 0x00000000eb580000)
  object space 42496K, 0% used [0x00000000c2000000,0x00000000c2000000,0x00000000c4980000)
 Metaspace       used 10672K, capacity 10870K, committed 11008K, reserved 1058816K
  class space    used 1423K, capacity 1489K, committed 1536K, reserved 1048576K
Event: 1.811 GC heap after
Heap after GC invocations=1 (full 0):
 PSYoungGen      total 18432K, used 2541K [0x00000000eb580000, 0x00000000eca00000, 0x0000000100000000)
  eden space 15872K, 0% used [0x00000000eb580000,0x00000000eb580000,0x00000000ec500000)
  from space 2560K, 99% used [0x00000000ec500000,0x00000000ec77b670,0x00000000ec780000)
  to   space 2560K, 0% used [0x00000000ec780000,0x00000000ec780000,0x00000000eca00000)
 ParOldGen       total 42496K, used 11570K [0x00000000c2000000, 0x00000000c4980000, 0x00000000eb580000)
  object space 42496K, 27% used [0x00000000c2000000,0x00000000c2b4c830,0x00000000c4980000)
 Metaspace       used 10672K, capacity 10870K, committed 11008K, reserved 1058816K
  class space    used 1423K, capacity 1489K, committed 1536K, reserved 1048576K
}

Deoptimization events (7 events):
Event: 0.446 Thread 0x00000000027fd800 Uncommon trap: reason=null_check action=make_not_entrant pc=0x0000000002b76520 method=java.lang.String.equals(Ljava/lang/Object;)Z @ 8
Event: 1.483 Thread 0x0000000018c53800 Uncommon trap: reason=class_check action=maybe_recompile pc=0x0000000002b82120 method=java.lang.String.equals(Ljava/lang/Object;)Z @ 8
Event: 1.483 Thread 0x0000000018c53800 Uncommon trap: reason=class_check action=maybe_recompile pc=0x0000000002b82120 method=java.lang.String.equals(Ljava/lang/Object;)Z @ 8
Event: 1.647 Thread 0x0000000018c53800 Uncommon trap: reason=class_check action=maybe_recompile pc=0x0000000002b82120 method=java.lang.String.equals(Ljava/lang/Object;)Z @ 8
Event: 1.647 Thread 0x0000000018c53800 Uncommon trap: reason=class_check action=maybe_recompile pc=0x0000000002b82120 method=java.lang.String.equals(Ljava/lang/Object;)Z @ 8
Event: 2.054 Thread 0x000000001667e800 Uncommon trap: reason=unstable_if action=reinterpret pc=0x0000000002c2c050 method=java.awt.image.CropImageFilter.setPixels(IIIILjava/awt/image/ColorModel;[III)V @ 37
Event: 2.054 Thread 0x000000001667e800 Uncommon trap: reason=unstable_if action=reinterpret pc=0x0000000002c2db44 method=java.awt.image.CropImageFilter.setPixels(IIIILjava/awt/image/ColorModel;[III)V @ 37

Classes redefined (0 events):
No events

Internal exceptions (10 events):
Event: 0.288 Thread 0x00000000027fd800 Exception <a 'java/security/PrivilegedActionException'> (0x00000000eb6512f8) thrown at [C:\re\workspace\8-2-build-windows-amd64-cygwin\jdk8u171\10807\hotspot\src\share\vm\prims\jvm.cpp, line 1435]
Event: 0.290 Thread 0x00000000027fd800 Exception <a 'java/security/PrivilegedActionException'> (0x00000000eb654f68) thrown at [C:\re\workspace\8-2-build-windows-amd64-cygwin\jdk8u171\10807\hotspot\src\share\vm\prims\jvm.cpp, line 1435]
Event: 0.290 Thread 0x00000000027fd800 Exception <a 'java/security/PrivilegedActionException'> (0x00000000eb655178) thrown at [C:\re\workspace\8-2-build-windows-amd64-cygwin\jdk8u171\10807\hotspot\src\share\vm\prims\jvm.cpp, line 1435]
Event: 0.308 Thread 0x00000000027fd800 Exception <a 'java/io/FileNotFoundException'> (0x00000000eb658070) thrown at [C:\re\workspace\8-2-build-windows-amd64-cygwin\jdk8u171\10807\hotspot\src\share\vm\prims\jni.cpp, line 709]
Event: 0.372 Thread 0x00000000027fd800 Exception <a 'java/lang/NoSuchFieldError': method resolution failed> (0x00000000eb7788c8) thrown at [C:\re\workspace\8-2-build-windows-amd64-cygwin\jdk8u171\10807\hotspot\src\share\vm\prims\methodHandles.cpp, line 1167]
Event: 0.374 Thread 0x00000000027fd800 Exception <a 'java/lang/NoSuchFieldError': method resolution failed> (0x00000000eb785c98) thrown at [C:\re\workspace\8-2-build-windows-amd64-cygwin\jdk8u171\10807\hotspot\src\share\vm\prims\methodHandles.cpp, line 1167]
Event: 0.446 Thread 0x00000000027fd800 Implicit null exception at 0x0000000002b76362 to 0x0000000002b76511
Event: 0.522 Thread 0x00000000027fd800 Exception <a 'java/io/FileNotFoundException'> (0x00000000eb8147b8) thrown at [C:\re\workspace\8-2-build-windows-amd64-cygwin\jdk8u171\10807\hotspot\src\share\vm\prims\jni.cpp, line 709]
Event: 0.756 Thread 0x00000000027fd800 Exception <a 'java/io/FileNotFoundException'> (0x00000000ec0d30b0) thrown at [C:\re\workspace\8-2-build-windows-amd64-cygwin\jdk8u171\10807\hotspot\src\share\vm\prims\jni.cpp, line 709]
Event: 0.756 Thread 0x00000000027fd800 Exception <a 'java/lang/NullPointerException'> (0x00000000ec0d3758) thrown at [C:\re\workspace\8-2-build-windows-amd64-cygwin\jdk8u171\10807\hotspot\src\share\vm\interpreter\linkResolver.cpp, line 1185]

Events (10 events):
Event: 2.926 loading class sun/awt/image/DataBufferNative done
Event: 2.926 loading class sun/java2d/d3d/D3DSurfaceData$D3DDataBufferNative done
Event: 2.926 loading class sun/awt/image/WritableRasterNative
Event: 2.935 loading class sun/awt/image/WritableRasterNative done
Event: 2.935 loading class sun/java2d/pipe/RegionSpanIterator
Event: 2.935 loading class sun/java2d/pipe/SpanIterator
Event: 2.935 loading class sun/java2d/pipe/SpanIterator done
Event: 2.935 loading class sun/java2d/pipe/RegionSpanIterator done
Event: 2.936 loading class sun/java2d/d3d/D3DSurfaceData$D3DDataBufferNative$1
Event: 2.936 loading class sun/java2d/d3d/D3DSurfaceData$D3DDataBufferNative$1 done


Dynamic libraries:
0x00007ff668e90000 - 0x00007ff668ec7000 	C:\Program Files\Java\jre1.8.0_171\bin\javaw.exe
0x00007ffba9830000 - 0x00007ffba9a11000 	C:\WINDOWS\SYSTEM32\ntdll.dll
0x00007ffba9640000 - 0x00007ffba96f1000 	C:\WINDOWS\System32\KERNEL32.DLL
0x00007ffba6250000 - 0x00007ffba64c3000 	C:\WINDOWS\System32\KERNELBASE.dll
0x00007ffba74c0000 - 0x00007ffba7561000 	C:\WINDOWS\System32\ADVAPI32.dll
0x00007ffba9760000 - 0x00007ffba97fe000 	C:\WINDOWS\System32\msvcrt.dll
0x00007ffba8b90000 - 0x00007ffba8beb000 	C:\WINDOWS\System32\sechost.dll
0x00007ffba6cc0000 - 0x00007ffba6de4000 	C:\WINDOWS\System32\RPCRT4.dll
0x00007ffba94b0000 - 0x00007ffba9640000 	C:\WINDOWS\System32\USER32.dll
0x00007ffba5d00000 - 0x00007ffba5d20000 	C:\WINDOWS\System32\win32u.dll
0x00007ffba8df0000 - 0x00007ffba8e18000 	C:\WINDOWS\System32\GDI32.dll
0x00007ffba5ec0000 - 0x00007ffba6052000 	C:\WINDOWS\System32\gdi32full.dll
0x00007ffba5dd0000 - 0x00007ffba5e6f000 	C:\WINDOWS\System32\msvcp_win.dll
0x00007ffba5c00000 - 0x00007ffba5cf8000 	C:\WINDOWS\System32\ucrtbase.dll
0x00007ffb9be10000 - 0x00007ffb9c079000 	C:\WINDOWS\WinSxS\amd64_microsoft.windows.common-controls_6595b64144ccf1df_6.0.17134.706_none_fb43a2cb30647007\COMCTL32.dll
0x00007ffba8ef0000 - 0x00007ffba9212000 	C:\WINDOWS\System32\combase.dll
0x00007ffba6be0000 - 0x00007ffba6c5a000 	C:\WINDOWS\System32\bcryptPrimitives.dll
0x00007ffba9220000 - 0x00007ffba924d000 	C:\WINDOWS\System32\IMM32.DLL
0x000000005d6a0000 - 0x000000005d772000 	C:\Program Files\Java\jre1.8.0_171\bin\msvcr100.dll
0x000000005dcf0000 - 0x000000005e590000 	C:\Program Files\Java\jre1.8.0_171\bin\server\jvm.dll
0x00007ffba6df0000 - 0x00007ffba6df8000 	C:\WINDOWS\System32\PSAPI.DLL
0x00007ffb93d10000 - 0x00007ffb93d19000 	C:\WINDOWS\SYSTEM32\WSOCK32.dll
0x00007ffba8b20000 - 0x00007ffba8b8c000 	C:\WINDOWS\System32\WS2_32.dll
0x00007ffb9db50000 - 0x00007ffb9db73000 	C:\WINDOWS\SYSTEM32\WINMM.dll
0x00007ffb9efd0000 - 0x00007ffb9efda000 	C:\WINDOWS\SYSTEM32\VERSION.dll
0x00007ffb9db20000 - 0x00007ffb9db4a000 	C:\WINDOWS\SYSTEM32\winmmbase.dll
0x00007ffba5e70000 - 0x00007ffba5eb9000 	C:\WINDOWS\System32\cfgmgr32.dll
0x000000005dc00000 - 0x000000005dc0f000 	C:\Program Files\Java\jre1.8.0_171\bin\verify.dll
0x000000005dbd0000 - 0x000000005dbf9000 	C:\Program Files\Java\jre1.8.0_171\bin\java.dll
0x000000005dbb0000 - 0x000000005dbc6000 	C:\Program Files\Java\jre1.8.0_171\bin\zip.dll
0x00007ffba75f0000 - 0x00007ffba8a30000 	C:\WINDOWS\System32\SHELL32.dll
0x00007ffba7250000 - 0x00007ffba72f9000 	C:\WINDOWS\System32\shcore.dll
0x00007ffba64d0000 - 0x00007ffba6bdd000 	C:\WINDOWS\System32\windows.storage.dll
0x00007ffba92b0000 - 0x00007ffba9301000 	C:\WINDOWS\System32\shlwapi.dll
0x00007ffba5ba0000 - 0x00007ffba5bb1000 	C:\WINDOWS\System32\kernel.appcore.dll
0x00007ffba5be0000 - 0x00007ffba5bff000 	C:\WINDOWS\System32\profapi.dll
0x00007ffba5b50000 - 0x00007ffba5b9c000 	C:\WINDOWS\System32\powrprof.dll
0x00007ffba5b40000 - 0x00007ffba5b4a000 	C:\WINDOWS\System32\FLTLIB.DLL
0x000000005d500000 - 0x000000005d698000 	C:\Program Files\Java\jre1.8.0_171\bin\awt.dll
0x00007ffba8e20000 - 0x00007ffba8ee2000 	C:\WINDOWS\System32\OLEAUT32.dll
0x00007ffba43c0000 - 0x00007ffba444b000 	C:\WINDOWS\SYSTEM32\apphelp.dll
0x00007ffba4620000 - 0x00007ffba4649000 	C:\WINDOWS\system32\DWMAPI.DLL
0x00007ffba4550000 - 0x00007ffba45e8000 	C:\WINDOWS\system32\uxtheme.dll
0x00007ffba7310000 - 0x00007ffba7483000 	C:\WINDOWS\System32\MSCTF.dll
0x00007ffba8c90000 - 0x00007ffba8de1000 	C:\WINDOWS\System32\ole32.dll
0x000000005d4c0000 - 0x000000005d4f1000 	C:\Program Files\Java\jre1.8.0_171\bin\jpeg.dll
0x00007ffb83660000 - 0x00007ffb83780000 	C:\WINDOWS\system32\opengl32.dll
0x00007ffb883f0000 - 0x00007ffb8841c000 	C:\WINDOWS\SYSTEM32\GLU32.dll
0x00007ffb84c60000 - 0x00007ffb84df7000 	C:\WINDOWS\system32\d3d9.dll
0x00007ffb7cc00000 - 0x00007ffb7dcb6000 	C:\WINDOWS\SYSTEM32\nvd3dumx.dll
0x000000005d470000 - 0x000000005d4b7000 	C:\Program Files\Java\jre1.8.0_171\bin\fontmanager.dll
0x000000005db90000 - 0x000000005dbaa000 	C:\Program Files\Java\jre1.8.0_171\bin\net.dll
0x00007ffba5360000 - 0x00007ffba53c6000 	C:\WINDOWS\system32\mswsock.dll
0x000000005db70000 - 0x000000005db81000 	C:\Program Files\Java\jre1.8.0_171\bin\nio.dll
0x000000005d420000 - 0x000000005d462000 	C:\Program Files\Java\jre1.8.0_171\bin\t2k.dll
0x00007ffba8bf0000 - 0x00007ffba8c90000 	C:\WINDOWS\System32\clbcatq.dll
0x00007ffb92360000 - 0x00007ffb9250e000 	C:\WINDOWS\SYSTEM32\WindowsCodecs.dll
0x00007ffb9e540000 - 0x00007ffb9e598000 	C:\WINDOWS\system32\dataexchange.dll
0x00007ffba35a0000 - 0x00007ffba38ab000 	C:\WINDOWS\system32\d3d11.dll
0x00007ffba3ce0000 - 0x00007ffba3e7c000 	C:\WINDOWS\system32\dcomp.dll
0x00007ffba4900000 - 0x00007ffba49bb000 	C:\WINDOWS\system32\dxgi.dll
0x00007ffba2d90000 - 0x00007ffba2f48000 	C:\WINDOWS\system32\twinapi.appcore.dll
0x00007ffba2d60000 - 0x00007ffba2d89000 	C:\WINDOWS\system32\RMCLIENT.dll
0x00007ffb9f4c0000 - 0x00007ffb9f556000 	C:\WINDOWS\System32\TextInputFramework.dll
0x00007ffba41c0000 - 0x00007ffba429a000 	C:\WINDOWS\System32\CoreMessaging.dll
0x00007ffb97400000 - 0x00007ffb9771e000 	C:\WINDOWS\System32\CoreUIComponents.dll
0x00007ffba1580000 - 0x00007ffba16cd000 	C:\WINDOWS\SYSTEM32\wintypes.dll
0x00007ffba4c30000 - 0x00007ffba4c61000 	C:\WINDOWS\SYSTEM32\ntmarta.dll
0x00007ffb96de0000 - 0x00007ffb96eb1000 	C:\Windows\System32\IME\IMEKR\imkrtip.dll
0x00007ffba0ad0000 - 0x00007ffba0c84000 	C:\WINDOWS\SYSTEM32\PROPSYS.dll
0x00007ffb94e90000 - 0x00007ffb94fe6000 	C:\Windows\System32\IME\shared\imetip.dll
0x00007ffba26f0000 - 0x00007ffba275b000 	C:\WINDOWS\SYSTEM32\OLEACC.dll
0x00007ffb94ce0000 - 0x00007ffb94e8b000 	C:\WINDOWS\SYSTEM32\DUI70.dll
0x00007ffb957b0000 - 0x00007ffb957ed000 	C:\Windows\System32\IME\IMEKR\imkrapi.dll
0x00007ffb94230000 - 0x00007ffb94270000 	C:\Windows\System32\IME\shared\imjkapi.dll

VM Arguments:
jvm_args: -Dfile.encoding=MS949 
java_command: Yhj
java_class_path (initial): C:\Users\samsung02\Desktop\JAVA_PROJECT\YHJ\bin
Launcher Type: SUN_STANDARD

Environment Variables:
PATH=C:/Program Files/Java/jre1.8.0_171/bin/server;C:/Program Files/Java/jre1.8.0_171/bin;C:/Program Files/Java/jre1.8.0_171/lib/amd64;C:\Program Files (x86)\Common Files\Oracle\Java\javapath;C:\ProgramData\Oracle\Java\javapath;C:\WINDOWS\system32;C:\WINDOWS;C:\WINDOWS\System32\Wbem;C:\WINDOWS\System32\WindowsPowerShell\v1.0\;C:\WINDOWS\System32\OpenSSH\;C:\Users\samsung02\AppData\Local\Microsoft\WindowsApps;C:\Program Files\Bandizip\7z;;C:\Users\samsung02\Desktop;
USERNAME=samsung02
OS=Windows_NT
PROCESSOR_IDENTIFIER=Intel64 Family 6 Model 23 Stepping 10, GenuineIntel



---------------  S Y S T E M  ---------------

OS: Windows 10.0 , 64 bit Build 17134 (10.0.17134.706)

CPU:total 4 (initial active 4) (4 cores per cpu, 1 threads per core) family 6 model 23 stepping 10, cmov, cx8, fxsr, mmx, sse, sse2, sse3, ssse3, sse4.1, tsc

Memory: 4k page, physical 4061612k(301748k free), swap 16644524k(3900k free)

vm_info: Java HotSpot(TM) 64-Bit Server VM (25.171-b11) for windows-amd64 JRE (1.8.0_171-b11), built on Mar 28 2018 16:06:12 by "java_re" with MS VC++ 10.0 (VS2010)

time: Tue Apr 16 14:05:36 2019
elapsed time: 3 seconds (0d 0h 0m 3s)

