#
# A fatal error has been detected by the Java Runtime Environment:
#
#  EXCEPTION_ACCESS_VIOLATION (0xc0000005) at pc=0x0000000077585c54, pid=3540, tid=0x0000000000002e7c
#
# JRE version: Java(TM) SE Runtime Environment (8.0_171-b11) (build 1.8.0_171-b11)
# Java VM: Java HotSpot(TM) 64-Bit Server VM (25.171-b11 mixed mode windows-amd64 compressed oops)
# Problematic frame:
# C  [awt.dll+0xa5c54]
#
# Failed to write core dump. Minidumps are not enabled by default on client versions of Windows
#
# If you would like to submit a bug report, please visit:
#   http://bugreport.java.com/bugreport/crash.jsp
# The crash happened outside the Java Virtual Machine in native code.
# See problematic frame for where to report the bug.
#

---------------  T H R E A D  ---------------

Current thread (0x0000000017c66000):  JavaThread "AWT-EventQueue-0" [_thread_in_native, id=11900, stack(0x0000000019e70000,0x0000000019f70000)]

siginfo: ExceptionCode=0xc0000005, reading address 0x0000000000000000

Registers:
RAX=0x0000000000000000, RBX=0x0000000017c74b10, RCX=0x0000000000000000, RDX=0x0000000000000054
RSP=0x0000000019f6c7f0, RBP=0x0000000019f6c8f8, RSI=0x0000000017c74b10, RDI=0x0000000000000054
R8 =0x00000000775e7aa0, R9 =0x0000000000008000, R10=0x0000000000000008, R11=0x0000000000000001
R12=0x0000000017a581d0, R13=0x0000000017c661f8, R14=0x0000000000000054, R15=0x0000000017c66000
RIP=0x0000000077585c54, EFLAGS=0x0000000000010206

Top of Stack: (sp=0x0000000019f6c7f0)
0x0000000019f6c7f0:   0000000017c66000 0000000000000054
0x0000000019f6c800:   000000007762dc40 0000000000000000
0x0000000019f6c810:   0000000017cc7740 0000000077586673
0x0000000019f6c820:   0000000019f6c920 0000000019f6c8f8
0x0000000019f6c830:   0000000000000008 0000000017c661f8
0x0000000019f6c840:   fffffffffffffffe 0000000017c66000
0x0000000019f6c850:   0000000019f6c920 0000000019fbed58
0x0000000019f6c860:   0000000000000000 00000000034b70db
0x0000000019f6c870:   0000000019fbed58 0000000000000008
0x0000000019f6c880:   0000000000000000 0000000019f6c888
0x0000000019f6c890:   00000000151fa8c8 0000000019f6c8d8
0x0000000019f6c8a0:   00000000151faeb8 0000000000000001
0x0000000019f6c8b0:   00000000ebc9fc18 0000000019f6c8a8
0x0000000019f6c8c0:   0000000000000000 0000000019f6c920
0x0000000019f6c8d0:   0000000019fbf620 0000000000000000
0x0000000019f6c8e0:   0000000019fbed58 0000000000000000 

Instructions: (pc=0x0000000077585c54)
0x0000000077585c34:   48 81 c4 40 02 00 00 5f c3 cc cc cc 48 89 5c 24
0x0000000077585c44:   08 57 48 83 ec 20 48 8b d9 48 8b 49 10 0f b7 fa
0x0000000077585c54:   48 8b 01 ff 50 10 85 c0 74 07 b8 01 00 00 00 eb
0x0000000077585c64:   18 48 83 7b 18 00 74 0f 48 8b 4b 18 0f b7 d7 48 


Register to memory mapping:

RAX=0x0000000000000000 is an unknown value
RBX=0x0000000017c74b10 is an unknown value
RCX=0x0000000000000000 is an unknown value
RDX=0x0000000000000054 is an unknown value
RSP=0x0000000019f6c7f0 is pointing into the stack for thread: 0x0000000017c66000
RBP=0x0000000019f6c8f8 is pointing into the stack for thread: 0x0000000017c66000
RSI=0x0000000017c74b10 is an unknown value
RDI=0x0000000000000054 is an unknown value
R8 =0x00000000775e7aa0 is an unknown value
R9 =0x0000000000008000 is an unknown value
R10=0x0000000000000008 is an unknown value
R11=0x0000000000000001 is an unknown value
R12=0x0000000017a581d0 is an unknown value
R13=0x0000000017c661f8 is an unknown value
R14=0x0000000000000054 is an unknown value
R15=0x0000000017c66000 is a thread


Stack: [0x0000000019e70000,0x0000000019f70000],  sp=0x0000000019f6c7f0,  free space=1009k
Native frames: (J=compiled Java code, j=interpreted, Vv=VM code, C=native code)
C  [awt.dll+0xa5c54]
C  [awt.dll+0xa6673]
C  0x00000000034b70db

Java frames: (J=compiled Java code, j=interpreted, Vv=VM code)
j  sun.awt.windows.WDefaultFontCharset.canConvert(C)Z+0
j  sun.awt.windows.WDefaultFontCharset.access$100(Lsun/awt/windows/WDefaultFontCharset;C)Z+2
j  sun.awt.windows.WDefaultFontCharset$Encoder.canEncode(C)Z+5
j  sun.awt.PlatformFont.makeConvertedMultiFontChars([CII)[Ljava/lang/Object;+180
j  sun.awt.PlatformFont.makeConvertedMultiFontString(Ljava/lang/String;)[Ljava/lang/Object;+10
v  ~StubRoutines::call_stub
j  sun.awt.windows.WFontMetrics.stringWidth(Ljava/lang/String;)I+0
j  sun.awt.windows.WLabelPeer.getMinimumSize()Ljava/awt/Dimension;+39
j  sun.awt.windows.WComponentPeer.getPreferredSize()Ljava/awt/Dimension;+1
j  java.awt.Component.preferredSize()Ljava/awt/Dimension;+42
j  java.awt.Component.getPreferredSize()Ljava/awt/Dimension;+1
j  java.awt.BorderLayout.layoutContainer(Ljava/awt/Container;)V+89
j  java.awt.Container.layout()V+11
j  java.awt.Container.doLayout()V+1
j  java.awt.Container.validateTree()V+47
j  java.awt.Container.validate()V+60
j  java.awt.Window.dispatchEventImpl(Ljava/awt/AWTEvent;)V+14
j  java.awt.Component.dispatchEvent(Ljava/awt/AWTEvent;)V+2
j  java.awt.EventQueue.dispatchEventImpl(Ljava/awt/AWTEvent;Ljava/lang/Object;)V+41
j  java.awt.EventQueue.access$500(Ljava/awt/EventQueue;Ljava/awt/AWTEvent;Ljava/lang/Object;)V+3
j  java.awt.EventQueue$3.run()Ljava/lang/Void;+32
j  java.awt.EventQueue$3.run()Ljava/lang/Object;+1
v  ~StubRoutines::call_stub
J 506  java.security.AccessController.doPrivileged(Ljava/security/PrivilegedAction;Ljava/security/AccessControlContext;)Ljava/lang/Object; (0 bytes) @ 0x00000000036b1766 [0x00000000036b1700+0x66]
J 538 C1 java.security.ProtectionDomain$JavaSecurityAccessImpl.doIntersectionPrivilege(Ljava/security/PrivilegedAction;Ljava/security/AccessControlContext;Ljava/security/AccessControlContext;)Ljava/lang/Object; (22 bytes) @ 0x00000000036c03ac [0x00000000036bff40+0x46c]
j  java.security.ProtectionDomain$JavaSecurityAccessImpl.doIntersectionPrivilege(Ljava/security/PrivilegedAction;Ljava/security/AccessControlContext;)Ljava/lang/Object;+6
j  java.awt.EventQueue$4.run()Ljava/lang/Void;+11
j  java.awt.EventQueue$4.run()Ljava/lang/Object;+1
v  ~StubRoutines::call_stub
J 506  java.security.AccessController.doPrivileged(Ljava/security/PrivilegedAction;Ljava/security/AccessControlContext;)Ljava/lang/Object; (0 bytes) @ 0x00000000036b1766 [0x00000000036b1700+0x66]
J 538 C1 java.security.ProtectionDomain$JavaSecurityAccessImpl.doIntersectionPrivilege(Ljava/security/PrivilegedAction;Ljava/security/AccessControlContext;Ljava/security/AccessControlContext;)Ljava/lang/Object; (22 bytes) @ 0x00000000036c03ac [0x00000000036bff40+0x46c]
j  java.awt.EventQueue.dispatchEvent(Ljava/awt/AWTEvent;)V+73
j  java.awt.EventDispatchThread.pumpOneEventForFilters(I)V+140
j  java.awt.EventDispatchThread.pumpEventsForFilter(ILjava/awt/Conditional;Ljava/awt/EventFilter;)V+35
j  java.awt.EventDispatchThread.pumpEventsForHierarchy(ILjava/awt/Conditional;Ljava/awt/Component;)V+11
j  java.awt.EventDispatchThread.pumpEvents(ILjava/awt/Conditional;)V+4
j  java.awt.EventDispatchThread.pumpEvents(Ljava/awt/Conditional;)V+3
j  java.awt.EventDispatchThread.run()V+9
v  ~StubRoutines::call_stub

---------------  P R O C E S S  ---------------

Java Threads: ( => current thread )
  0x000000000170d800 JavaThread "DestroyJavaVM" [_thread_blocked, id=8496, stack(0x00000000032a0000,0x00000000033a0000)]
  0x0000000017ccc000 JavaThread "Thread-0" [_thread_blocked, id=8668, stack(0x000000001b800000,0x000000001b900000)]
  0x0000000017cbb800 JavaThread "TimerQueue" daemon [_thread_blocked, id=2088, stack(0x000000001b6b0000,0x000000001b7b0000)]
  0x0000000017ca6800 JavaThread "D3D Screen Updater" daemon [_thread_blocked, id=8028, stack(0x000000001a780000,0x000000001a880000)]
=>0x0000000017c66000 JavaThread "AWT-EventQueue-0" [_thread_in_native, id=11900, stack(0x0000000019e70000,0x0000000019f70000)]
  0x0000000017a7c800 JavaThread "Image Fetcher 0" daemon [_thread_blocked, id=2340, stack(0x0000000019d70000,0x0000000019e70000)]
  0x0000000017218800 JavaThread "AWT-Windows" daemon [_thread_in_native, id=6284, stack(0x0000000018480000,0x0000000018580000)]
  0x0000000017217000 JavaThread "AWT-Shutdown" [_thread_blocked, id=9000, stack(0x0000000018380000,0x0000000018480000)]
  0x0000000017214000 JavaThread "Java2D Disposer" daemon [_thread_blocked, id=9620, stack(0x0000000018280000,0x0000000018380000)]
  0x0000000016eb9800 JavaThread "Service Thread" daemon [_thread_blocked, id=3020, stack(0x0000000017720000,0x0000000017820000)]
  0x0000000015a66800 JavaThread "C1 CompilerThread2" daemon [_thread_blocked, id=2332, stack(0x0000000017620000,0x0000000017720000)]
  0x0000000015a60000 JavaThread "C2 CompilerThread1" daemon [_thread_blocked, id=5240, stack(0x0000000017520000,0x0000000017620000)]
  0x0000000015a59800 JavaThread "C2 CompilerThread0" daemon [_thread_blocked, id=10592, stack(0x0000000017420000,0x0000000017520000)]
  0x0000000016e63000 JavaThread "Attach Listener" daemon [_thread_blocked, id=6464, stack(0x0000000017320000,0x0000000017420000)]
  0x0000000016e62800 JavaThread "Signal Dispatcher" daemon [_thread_blocked, id=6316, stack(0x0000000017220000,0x0000000017320000)]
  0x0000000015a2a800 JavaThread "Finalizer" daemon [_thread_blocked, id=7964, stack(0x0000000016c90000,0x0000000016d90000)]
  0x0000000003492000 JavaThread "Reference Handler" daemon [_thread_blocked, id=9844, stack(0x0000000016b90000,0x0000000016c90000)]

Other Threads:
  0x0000000015a07800 VMThread [stack: 0x0000000016a90000,0x0000000016b90000] [id=11548]
  0x0000000016ee6800 WatcherThread [stack: 0x0000000017820000,0x0000000017920000] [id=1408]

VM state:not at safepoint (normal execution)

VM Mutex/Monitor currently owned by a thread: None

Heap:
 PSYoungGen      total 18432K, used 7608K [0x00000000eb580000, 0x00000000eca00000, 0x0000000100000000)
  eden space 15872K, 47% used [0x00000000eb580000,0x00000000ebcee2c0,0x00000000ec500000)
  from space 2560K, 0% used [0x00000000ec780000,0x00000000ec780000,0x00000000eca00000)
  to   space 2560K, 0% used [0x00000000ec500000,0x00000000ec500000,0x00000000ec780000)
 ParOldGen       total 42496K, used 0K [0x00000000c2000000, 0x00000000c4980000, 0x00000000eb580000)
  object space 42496K, 0% used [0x00000000c2000000,0x00000000c2000000,0x00000000c4980000)
 Metaspace       used 10740K, capacity 10970K, committed 11264K, reserved 1058816K
  class space    used 1445K, capacity 1521K, committed 1536K, reserved 1048576K

Card table byte_map: [0x0000000012860000,0x0000000012a60000] byte_map_base: 0x0000000012250000

Marking Bits: (ParMarkBitMap*) 0x0000000077f808c0
 Begin Bits: [0x0000000012fb0000, 0x0000000013f30000)
 End Bits:   [0x0000000013f30000, 0x0000000014eb0000)

Polling page: 0x0000000002ee0000

CodeCache: size=245760Kb used=2179Kb max_used=2179Kb free=243580Kb
 bounds [0x00000000034a0000, 0x0000000003710000, 0x00000000124a0000]
 total_blobs=1031 nmethods=540 adapters=406
 compilation: enabled

Compilation events (10 events):
Event: 1.682 Thread 0x0000000015a66800  536       3       java.awt.AWTEvent::<init> (81 bytes)
Event: 1.683 Thread 0x0000000015a66800 nmethod 536 0x00000000036bef90 code [0x00000000036bf140, 0x00000000036bf788]
Event: 1.686 Thread 0x0000000015a66800  537       3       sun.misc.VM::allowArraySyntax (4 bytes)
Event: 1.686 Thread 0x0000000015a66800 nmethod 537 0x00000000036bfa90 code [0x00000000036bfbe0, 0x00000000036bfd30]
Event: 1.687 Thread 0x0000000015a66800  538       3       java.security.ProtectionDomain$JavaSecurityAccessImpl::doIntersectionPrivilege (22 bytes)
Event: 1.688 Thread 0x0000000015a66800 nmethod 538 0x00000000036bfd90 code [0x00000000036bff40, 0x00000000036c05f8]
Event: 1.688 Thread 0x0000000015a66800  539       3       java.security.ProtectionDomain$JavaSecurityAccessImpl::getCombinedACC (30 bytes)
Event: 1.688 Thread 0x0000000015a66800 nmethod 539 0x00000000036c0910 code [0x00000000036c0aa0, 0x00000000036c0fb8]
Event: 1.688 Thread 0x0000000015a66800  540       1       java.awt.Component::isMaximumSizeSet (5 bytes)
Event: 1.688 Thread 0x0000000015a66800 nmethod 540 0x00000000036c1150 code [0x00000000036c12a0, 0x00000000036c13b0]

GC Heap History (0 events):
No events

Deoptimization events (5 events):
Event: 0.358 Thread 0x000000000170d800 Uncommon trap: reason=null_check action=make_not_entrant pc=0x000000000360c6a0 method=java.lang.String.equals(Ljava/lang/Object;)Z @ 8
Event: 1.087 Thread 0x0000000017c66000 Uncommon trap: reason=class_check action=maybe_recompile pc=0x000000000362abe0 method=java.lang.String.equals(Ljava/lang/Object;)Z @ 8
Event: 1.087 Thread 0x0000000017c66000 Uncommon trap: reason=class_check action=maybe_recompile pc=0x000000000362abe0 method=java.lang.String.equals(Ljava/lang/Object;)Z @ 8
Event: 1.571 Thread 0x0000000017c66000 Uncommon trap: reason=class_check action=maybe_recompile pc=0x000000000362abe0 method=java.lang.String.equals(Ljava/lang/Object;)Z @ 8
Event: 1.571 Thread 0x0000000017c66000 Uncommon trap: reason=class_check action=maybe_recompile pc=0x000000000362abe0 method=java.lang.String.equals(Ljava/lang/Object;)Z @ 8

Classes redefined (0 events):
No events

Internal exceptions (10 events):
Event: 0.164 Thread 0x000000000170d800 Exception <a 'java/security/PrivilegedActionException'> (0x00000000eb651418) thrown at [C:\re\workspace\8-2-build-windows-amd64-cygwin\jdk8u171\10807\hotspot\src\share\vm\prims\jvm.cpp, line 1435]
Event: 0.165 Thread 0x000000000170d800 Exception <a 'java/security/PrivilegedActionException'> (0x00000000eb655088) thrown at [C:\re\workspace\8-2-build-windows-amd64-cygwin\jdk8u171\10807\hotspot\src\share\vm\prims\jvm.cpp, line 1435]
Event: 0.165 Thread 0x000000000170d800 Exception <a 'java/security/PrivilegedActionException'> (0x00000000eb655298) thrown at [C:\re\workspace\8-2-build-windows-amd64-cygwin\jdk8u171\10807\hotspot\src\share\vm\prims\jvm.cpp, line 1435]
Event: 0.174 Thread 0x000000000170d800 Exception <a 'java/io/FileNotFoundException'> (0x00000000eb658190) thrown at [C:\re\workspace\8-2-build-windows-amd64-cygwin\jdk8u171\10807\hotspot\src\share\vm\prims\jni.cpp, line 709]
Event: 0.217 Thread 0x000000000170d800 Exception <a 'java/lang/NoSuchFieldError': method resolution failed> (0x00000000eb778508) thrown at [C:\re\workspace\8-2-build-windows-amd64-cygwin\jdk8u171\10807\hotspot\src\share\vm\prims\methodHandles.cpp, line 1167]
Event: 0.222 Thread 0x000000000170d800 Exception <a 'java/lang/NoSuchFieldError': method resolution failed> (0x00000000eb785bb0) thrown at [C:\re\workspace\8-2-build-windows-amd64-cygwin\jdk8u171\10807\hotspot\src\share\vm\prims\methodHandles.cpp, line 1167]
Event: 0.277 Thread 0x000000000170d800 Exception <a 'java/io/FileNotFoundException'> (0x00000000eb820dd8) thrown at [C:\re\workspace\8-2-build-windows-amd64-cygwin\jdk8u171\10807\hotspot\src\share\vm\prims\jni.cpp, line 709]
Event: 0.358 Thread 0x000000000170d800 Implicit null exception at 0x000000000360c4e2 to 0x000000000360c691
Event: 0.417 Thread 0x000000000170d800 Exception <a 'java/io/FileNotFoundException'> (0x00000000eb915fb8) thrown at [C:\re\workspace\8-2-build-windows-amd64-cygwin\jdk8u171\10807\hotspot\src\share\vm\prims\jni.cpp, line 709]
Event: 0.417 Thread 0x000000000170d800 Exception <a 'java/lang/NullPointerException'> (0x00000000eb916660) thrown at [C:\re\workspace\8-2-build-windows-amd64-cygwin\jdk8u171\10807\hotspot\src\share\vm\interpreter\linkResolver.cpp, line 1185]

Events (10 events):
Event: 1.641 loading class sun/nio/cs/UTF_16LE$Decoder done
Event: 1.641 loading class sun/nio/cs/Surrogate$Parser
Event: 1.641 loading class sun/nio/cs/Surrogate$Parser done
Event: 1.641 loading class sun/nio/cs/Surrogate
Event: 1.641 loading class sun/nio/cs/Surrogate done
Event: 1.679 Thread 0x0000000017ccc000 Thread added: 0x0000000017ccc000
Event: 1.679 Thread 0x000000000170d800 Thread exited: 0x000000000170d800
Event: 1.680 Thread 0x000000000170d800 Thread added: 0x000000000170d800
Event: 1.686 loading class default
Event: 1.686 loading class default done


Dynamic libraries:
0x00007ff7bbf80000 - 0x00007ff7bbfb7000 	C:\Program Files\Java\jre1.8.0_171\bin\javaw.exe
0x00007ff8e1850000 - 0x00007ff8e1a31000 	C:\WINDOWS\SYSTEM32\ntdll.dll
0x00007ff8defd0000 - 0x00007ff8df082000 	C:\WINDOWS\System32\KERNEL32.DLL
0x00007ff8de670000 - 0x00007ff8de8e3000 	C:\WINDOWS\System32\KERNELBASE.dll
0x00007ff8df620000 - 0x00007ff8df6c1000 	C:\WINDOWS\System32\ADVAPI32.dll
0x00007ff8e0e40000 - 0x00007ff8e0ede000 	C:\WINDOWS\System32\msvcrt.dll
0x00007ff8df5c0000 - 0x00007ff8df61b000 	C:\WINDOWS\System32\sechost.dll
0x00007ff8e1560000 - 0x00007ff8e1684000 	C:\WINDOWS\System32\RPCRT4.dll
0x00007ff8e1690000 - 0x00007ff8e1820000 	C:\WINDOWS\System32\USER32.dll
0x00007ff8ddca0000 - 0x00007ff8ddcc0000 	C:\WINDOWS\System32\win32u.dll
0x00007ff8dee90000 - 0x00007ff8deeb8000 	C:\WINDOWS\System32\GDI32.dll
0x00007ff8ddcc0000 - 0x00007ff8dde52000 	C:\WINDOWS\System32\gdi32full.dll
0x00007ff8de8f0000 - 0x00007ff8de98f000 	C:\WINDOWS\System32\msvcp_win.dll
0x00007ff8dde60000 - 0x00007ff8ddf58000 	C:\WINDOWS\System32\ucrtbase.dll
0x00007ff8d9a80000 - 0x00007ff8d9ce9000 	C:\WINDOWS\WinSxS\amd64_microsoft.windows.common-controls_6595b64144ccf1df_6.0.17134.648_none_fb45a0e93062a6d2\COMCTL32.dll
0x00007ff8df6d0000 - 0x00007ff8df9f2000 	C:\WINDOWS\System32\combase.dll
0x00007ff8ddc20000 - 0x00007ff8ddc9a000 	C:\WINDOWS\System32\bcryptPrimitives.dll
0x00007ff8e0ee0000 - 0x00007ff8e0f0d000 	C:\WINDOWS\System32\IMM32.DLL
0x0000000077680000 - 0x0000000077752000 	C:\Program Files\Java\jre1.8.0_171\bin\msvcr100.dll
0x0000000077760000 - 0x0000000078000000 	C:\Program Files\Java\jre1.8.0_171\bin\server\jvm.dll
0x00007ff8e14e0000 - 0x00007ff8e14e8000 	C:\WINDOWS\System32\PSAPI.DLL
0x00007ff8da5b0000 - 0x00007ff8da5d3000 	C:\WINDOWS\SYSTEM32\WINMM.dll
0x00007ff8d9570000 - 0x00007ff8d957a000 	C:\WINDOWS\SYSTEM32\VERSION.dll
0x00007ff8d60a0000 - 0x00007ff8d60a9000 	C:\WINDOWS\SYSTEM32\WSOCK32.dll
0x00007ff8def60000 - 0x00007ff8defcc000 	C:\WINDOWS\System32\WS2_32.dll
0x00007ff8da440000 - 0x00007ff8da46a000 	C:\WINDOWS\SYSTEM32\winmmbase.dll
0x00007ff8dec30000 - 0x00007ff8dec79000 	C:\WINDOWS\System32\cfgmgr32.dll
0x0000000050160000 - 0x000000005016f000 	C:\Program Files\Java\jre1.8.0_171\bin\verify.dll
0x0000000050130000 - 0x0000000050159000 	C:\Program Files\Java\jre1.8.0_171\bin\java.dll
0x0000000050110000 - 0x0000000050126000 	C:\Program Files\Java\jre1.8.0_171\bin\zip.dll
0x00007ff8dfa00000 - 0x00007ff8e0e40000 	C:\WINDOWS\System32\SHELL32.dll
0x00007ff8dedd0000 - 0x00007ff8dee79000 	C:\WINDOWS\System32\shcore.dll
0x00007ff8ddf60000 - 0x00007ff8de66d000 	C:\WINDOWS\System32\windows.storage.dll
0x00007ff8df500000 - 0x00007ff8df551000 	C:\WINDOWS\System32\shlwapi.dll
0x00007ff8ddbc0000 - 0x00007ff8ddbd1000 	C:\WINDOWS\System32\kernel.appcore.dll
0x00007ff8ddc00000 - 0x00007ff8ddc1f000 	C:\WINDOWS\System32\profapi.dll
0x00007ff8ddb70000 - 0x00007ff8ddbbc000 	C:\WINDOWS\System32\powrprof.dll
0x00007ff8ddb60000 - 0x00007ff8ddb6a000 	C:\WINDOWS\System32\FLTLIB.DLL
0x00000000774e0000 - 0x0000000077678000 	C:\Program Files\Java\jre1.8.0_171\bin\awt.dll
0x00007ff8e1390000 - 0x00007ff8e1453000 	C:\WINDOWS\System32\OLEAUT32.dll
0x00007ff8dbfa0000 - 0x00007ff8dc02b000 	C:\WINDOWS\SYSTEM32\apphelp.dll
0x00007ff8dc4e0000 - 0x00007ff8dc509000 	C:\WINDOWS\system32\DWMAPI.DLL
0x00007ff8dc220000 - 0x00007ff8dc2b8000 	C:\WINDOWS\system32\uxtheme.dll
0x00007ff8bec50000 - 0x00007ff8bed70000 	C:\WINDOWS\system32\opengl32.dll
0x00007ff8d35b0000 - 0x00007ff8d35dc000 	C:\WINDOWS\SYSTEM32\GLU32.dll
0x00007ff8e0f10000 - 0x00007ff8e1083000 	C:\WINDOWS\System32\MSCTF.dll
0x00007ff8e1090000 - 0x00007ff8e11e1000 	C:\WINDOWS\System32\ole32.dll
0x00007ff8b7890000 - 0x00007ff8b7a27000 	C:\WINDOWS\system32\d3d9.dll
0x00007ff8a35b0000 - 0x00007ff8a4666000 	C:\WINDOWS\SYSTEM32\nvd3dumx.dll
0x0000000050040000 - 0x0000000050087000 	C:\Program Files\Java\jre1.8.0_171\bin\fontmanager.dll
0x00000000500f0000 - 0x000000005010a000 	C:\Program Files\Java\jre1.8.0_171\bin\net.dll
0x00007ff8dd380000 - 0x00007ff8dd3e6000 	C:\WINDOWS\system32\mswsock.dll
0x00000000500d0000 - 0x00000000500e1000 	C:\Program Files\Java\jre1.8.0_171\bin\nio.dll
0x0000000077490000 - 0x00000000774d2000 	C:\Program Files\Java\jre1.8.0_171\bin\t2k.dll
0x00007ff8deec0000 - 0x00007ff8def60000 	C:\WINDOWS\System32\clbcatq.dll
0x00007ff8d8080000 - 0x00007ff8d822e000 	C:\WINDOWS\SYSTEM32\WindowsCodecs.dll
0x00007ff8d36b0000 - 0x00007ff8d3708000 	C:\WINDOWS\system32\dataexchange.dll
0x00007ff8dab10000 - 0x00007ff8dae1b000 	C:\WINDOWS\system32\d3d11.dll
0x00007ff8db8c0000 - 0x00007ff8dba5c000 	C:\WINDOWS\system32\dcomp.dll
0x00007ff8dc920000 - 0x00007ff8dc9db000 	C:\WINDOWS\system32\dxgi.dll
0x00007ff8dc2f0000 - 0x00007ff8dc4a8000 	C:\WINDOWS\system32\twinapi.appcore.dll
0x00007ff8dc4b0000 - 0x00007ff8dc4d9000 	C:\WINDOWS\system32\RMCLIENT.dll
0x00007ff8d5f10000 - 0x00007ff8d5fa6000 	C:\WINDOWS\System32\TextInputFramework.dll
0x00007ff8d72c0000 - 0x00007ff8d75de000 	C:\WINDOWS\System32\CoreUIComponents.dll
0x00007ff8dbda0000 - 0x00007ff8dbe7a000 	C:\WINDOWS\System32\CoreMessaging.dll
0x00007ff8dcc80000 - 0x00007ff8dccb1000 	C:\WINDOWS\SYSTEM32\ntmarta.dll
0x00007ff8d6f50000 - 0x00007ff8d709d000 	C:\WINDOWS\SYSTEM32\wintypes.dll
0x00007ff8d24d0000 - 0x00007ff8d25a1000 	C:\Windows\System32\IME\IMEKR\imkrtip.dll
0x00007ff8d89a0000 - 0x00007ff8d8b54000 	C:\WINDOWS\SYSTEM32\PROPSYS.dll
0x00007ff8d1ff0000 - 0x00007ff8d2146000 	C:\Windows\System32\IME\shared\imetip.dll
0x00007ff8cf900000 - 0x00007ff8cfaab000 	C:\WINDOWS\SYSTEM32\DUI70.dll
0x00007ff8d9340000 - 0x00007ff8d93ab000 	C:\WINDOWS\SYSTEM32\OLEACC.dll
0x00007ff8d1fb0000 - 0x00007ff8d1fed000 	C:\Windows\System32\IME\IMEKR\imkrapi.dll
0x00007ff8d1f70000 - 0x00007ff8d1fb0000 	C:\Windows\System32\IME\shared\imjkapi.dll
0x00007ff8d8540000 - 0x00007ff8d8709000 	C:\WINDOWS\SYSTEM32\dbghelp.dll

VM Arguments:
jvm_args: -Dfile.encoding=MS949 
java_command: Yhj
java_class_path (initial): C:\Users\samsung02\Desktop\JAVA_PROJECT\YHJ\bin
Launcher Type: SUN_STANDARD

Environment Variables:
PATH=C:/Program Files/Java/jre1.8.0_171/bin/server;C:/Program Files/Java/jre1.8.0_171/bin;C:/Program Files/Java/jre1.8.0_171/lib/amd64;C:\Program Files (x86)\Common Files\Oracle\Java\javapath;C:\ProgramData\Oracle\Java\javapath;C:\WINDOWS\system32;C:\WINDOWS;C:\WINDOWS\System32\Wbem;C:\WINDOWS\System32\WindowsPowerShell\v1.0\;C:\WINDOWS\System32\OpenSSH\;C:\Users\samsung02\AppData\Local\Microsoft\WindowsApps;C:\Program Files\Bandizip\7z;;C:\Users\samsung02\Desktop;
USERNAME=samsung02
OS=Windows_NT
PROCESSOR_IDENTIFIER=Intel64 Family 6 Model 23 Stepping 10, GenuineIntel



---------------  S Y S T E M  ---------------

OS: Windows 10.0 , 64 bit Build 17134 (10.0.17134.648)

CPU:total 4 (initial active 4) (4 cores per cpu, 1 threads per core) family 6 model 23 stepping 10, cmov, cx8, fxsr, mmx, sse, sse2, sse3, ssse3, sse4.1, tsc

Memory: 4k page, physical 4061612k(1641876k free), swap 5121680k(930552k free)

vm_info: Java HotSpot(TM) 64-Bit Server VM (25.171-b11) for windows-amd64 JRE (1.8.0_171-b11), built on Mar 28 2018 16:06:12 by "java_re" with MS VC++ 10.0 (VS2010)

time: Tue Apr 09 15:08:46 2019
elapsed time: 1 seconds (0d 0h 0m 1s)

